<?xml version="1.0" encoding="UTF-8" ?>
<testsuite errors="1" failures="0" hostname="Khan-Jan.local" name="dtu.ws.group8.lameduck.client.LameDuckTest" tests="1" time="3.939" timestamp="2014-11-12T20:08:42">
  <properties>
[...]
</properties>
  <testcase classname="dtu.ws.group8.lameduck.client.LameDuckTest" name="testGetFlights" time="2.79">
    <error message="The server sent HTTP status code 404: Not Found" type="com.sun.xml.internal.ws.client.ClientTransportException">com.sun.xml.internal.ws.client.ClientTransportException: The server sent HTTP status code 404: Not Found
	at com.sun.xml.internal.ws.transport.http.client.HttpTransportPipe.checkStatusCode(HttpTransportPipe.java:196)
	at com.sun.xml.internal.ws.transport.http.client.HttpTransportPipe.process(HttpTransportPipe.java:168)
	at com.sun.xml.internal.ws.transport.http.client.HttpTransportPipe.processRequest(HttpTransportPipe.java:83)
	at com.sun.xml.internal.ws.transport.DeferredTransportPipe.processRequest(DeferredTransportPipe.java:105)
	at com.sun.xml.internal.ws.api.pipe.Fiber.__doRun(Fiber.java:587)
	at com.sun.xml.internal.ws.api.pipe.Fiber._doRun(Fiber.java:546)
	at com.sun.xml.internal.ws.api.pipe.Fiber.doRun(Fiber.java:531)
	at com.sun.xml.internal.ws.api.pipe.Fiber.runSync(Fiber.java:428)
	at com.sun.xml.internal.ws.client.Stub.process(Stub.java:211)
	at com.sun.xml.internal.ws.client.sei.SEIStub.doProcess(SEIStub.java:138)
	at com.sun.xml.internal.ws.client.sei.SyncMethodHandler.invoke(SyncMethodHandler.java:98)
	at com.sun.xml.internal.ws.client.sei.SyncMethodHandler.invoke(SyncMethodHandler.java:78)
	at com.sun.xml.internal.ws.client.sei.SEIStub.invoke(SEIStub.java:110)
	at com.sun.proxy.$Proxy29.lameDuck(Unknown Source)
	at dtu.ws.group8.lameduck.client.LameDuckTest.testGetFlights(LameDuckTest.java:44)
</error>
  </testcase>
  <system-out><![CDATA[]]></system-out>
  <system-err><![CDATA[]]></system-err>
</testsuite>
